<?xml version="1.0" encoding="UTF-8"?>
<!-- Generated by org.testng.reporters.JUnitReportReporter -->
<testsuite hostname="sunjian-HP" name="lesson2.TestMeiTuan_1" tests="1" failures="0" timestamp="17 Feb 2015 15:24:49 GMT" time="20.211" errors="0">
  <testcase name="testDragAndDrop" time="20.211" classname="lesson2.TestMeiTuan_1"/>
</testsuite> <!-- lesson2.TestMeiTuan_1 -->
