<?xml version="1.0" encoding="UTF-8"?>
<!-- Generated by org.testng.reporters.JUnitReportReporter -->
<testsuite hostname="sunjian-HP" name="lesson1.TestCalculator" tests="1" failures="0" timestamp="14 Feb 2015 10:54:24 GMT" time="9.473" errors="0">
  <testcase name="plus" time="9.473" classname="lesson1.TestCalculator"/>
</testsuite> <!-- lesson1.TestCalculator -->
